<?xml version="1.0" encoding="UTF-8"?>
<testng-results skipped="0" failed="0" ignored="0" total="1" passed="1">
  <reporter-output>
  </reporter-output>
  <suite name="Default suite" duration-ms="20939" started-at="2020-08-16T03:42:07Z" finished-at="2020-08-16T03:42:28Z">
    <groups>
    </groups>
    <test name="Default test" duration-ms="20939" started-at="2020-08-16T03:42:07Z" finished-at="2020-08-16T03:42:28Z">
      <class name="testScripts.LoginTest">
        <test-method status="PASS" signature="configBC()[pri:0, instance:testScripts.LoginTest@3bfdc050]" name="configBC" is-config="true" duration-ms="17974" started-at="2020-08-16T03:42:07Z" finished-at="2020-08-16T03:42:25Z">
          <reporter-output>
          </reporter-output>
        </test-method> <!-- configBC -->
        <test-method status="PASS" signature="configBM()[pri:0, instance:testScripts.LoginTest@3bfdc050]" name="configBM" is-config="true" duration-ms="609" started-at="2020-08-16T03:42:25Z" finished-at="2020-08-16T03:42:26Z">
          <reporter-output>
          </reporter-output>
        </test-method> <!-- configBM -->
        <test-method status="PASS" signature="logiinTest()[pri:0, instance:testScripts.LoginTest@3bfdc050]" name="logiinTest" duration-ms="2103" started-at="2020-08-16T03:42:26Z" finished-at="2020-08-16T03:42:28Z">
          <reporter-output>
          </reporter-output>
        </test-method> <!-- logiinTest -->
        <test-method status="PASS" signature="configAM(org.testng.ITestResult)[pri:0, instance:testScripts.LoginTest@3bfdc050]" name="configAM" is-config="true" duration-ms="16" started-at="2020-08-16T03:42:28Z" finished-at="2020-08-16T03:42:28Z">
          <params>
            <param index="0">
              <value>
                <![CDATA[[TestResult name=logiinTest status=SUCCESS method=LoginTest.logiinTest()[pri:0, instance:testScripts.LoginTest@3bfdc050] output={null}]]]>
              </value>
            </param>
          </params>
          <reporter-output>
          </reporter-output>
        </test-method> <!-- configAM -->
        <test-method status="PASS" signature="configAC()[pri:0, instance:testScripts.LoginTest@3bfdc050]" name="configAC" is-config="true" duration-ms="193" started-at="2020-08-16T03:42:28Z" finished-at="2020-08-16T03:42:28Z">
          <reporter-output>
          </reporter-output>
        </test-method> <!-- configAC -->
      </class> <!-- testScripts.LoginTest -->
    </test> <!-- Default test -->
  </suite> <!-- Default suite -->
</testng-results>
